make all -f /home/andreas/code/vertsys/milestone_2/build/src/Makefile --print-data-base --no-builtin-variables --no-builtin-rules --question
# GNU Make 4.3
# Built for x86_64-pc-linux-gnu
# Copyright (C) 1988-2020 Free Software Foundation, Inc.
# License GPLv3+: GNU GPL version 3 or later <http://gnu.org/licenses/gpl.html>
# This is free software: you are free to change and redistribute it.
# There is NO WARRANTY, to the extent permitted by law.

# Make data base, printed on Tue Apr  5 08:09:29 2022

# Variables

# environment
GDK_BACKEND = x11
# environment
LC_ALL = C
# environment
NO_AT_BRIDGE = 1
# environment
GTK_RC_FILES = /etc/gtk/gtkrc:/home/andreas/.gtkrc:/home/andreas/.config/gtkrc
# environment
SNAP_INSTANCE_KEY = 
# environment
STARSHIP_SESSION_KEY = 6506561275529086
# environment
VSCODE_IPC_HOOK_EXTHOST = /run/user/1000/vscode-ipc-9b24c488-260e-40e9-83d1-68afab021121.sock
# environment
KONSOLE_DBUS_SERVICE = :1.7325
# environment
LC_NAME = de_DE.UTF-8
# environment
LC_NUMERIC = de_DE.UTF-8
# environment
VSCODE_CWD = /home/andreas/code/rp2040_pico/projects/RP2040-CAN-Driver
# environment
WINDOWID = 0
# environment
LC_ADDRESS = de_DE.UTF-8
# default
MAKE_COMMAND := make
# environment
GTK3_MODULES = xapp-gtk3-module
# automatic
@D = $(patsubst %/,%,$(dir $@))
# environment
SNAP_INSTANCE_NAME = code
# environment
GDK_PIXBUF_MODULEDIR = /snap/code/92/usr/lib/x86_64-linux-gnu/gdk-pixbuf-2.0/2.10.0/loaders
# environment
KONSOLE_VERSION = 211203
# environment
VSCODE_HANDLES_UNCAUGHT_ERRORS = true
# default
.VARIABLES := 
# environment
PWD = /home/andreas/code/rp2040_pico/projects/RP2040-CAN-Driver
# automatic
%D = $(patsubst %/,%,$(dir $%))
# environment
MAIL = /var/spool/mail/andreas
# environment
XDG_DATA_DIRS = /usr/local/share:/usr/share:/var/lib/snapd/desktop
# automatic
^D = $(patsubst %/,%,$(dir $^))
# environment
VSCODE_LOG_STACK = false
# automatic
%F = $(notdir $%)
# environment
VSCODE_CODE_CACHE_PATH = /home/andreas/.config/Code/CachedData/e18005f0f1b33c29e81d732535d8c0e47cafb0b5
# environment
XDG_SESSION_PATH = /org/freedesktop/DisplayManager/Session2
# environment
LANG = C
# environment
XAUTHORITY = /home/andreas/.Xauthority
# default
.LOADED := 
# default
.INCLUDE_DIRS = /usr/include /usr/local/include /usr/include
# makefile (from '/home/andreas/code/vertsys/milestone_2/build/src/Makefile', line 51)
CMAKE_COMMAND = /usr/bin/cmake
# environment
COLORFGBG = 15;0
# makefile
MAKEFLAGS = pqrR
# makefile
CURDIR := /home/andreas/code/rp2040_pico/projects/RP2040-CAN-Driver
# environment
VSCODE_PIPE_LOGGING = true
# environment
APPLICATION_INSIGHTS_NO_DIAGNOSTIC_CHANNEL = 1
# automatic
*D = $(patsubst %/,%,$(dir $*))
# environment
PAM_KWALLET5_LOGIN = /run/user/1000/kwallet5.socket
# environment
MFLAGS = -pqrR
# default
.SHELLFLAGS := -c
# environment
XDG_CONFIG_DIRS = /home/andreas/.config/kdedefaults:/etc/xdg
# automatic
+D = $(patsubst %/,%,$(dir $+))
# environment
XCURSOR_THEME = breeze_cursors
# environment
XDG_SESSION_DESKTOP = KDE
# makefile (from '/home/andreas/code/vertsys/milestone_2/build/src/Makefile', line 1)
MAKEFILE_LIST := /home/andreas/code/vertsys/milestone_2/build/src/Makefile
# makefile (from '/home/andreas/code/vertsys/milestone_2/build/src/Makefile', line 63)
CMAKE_BINARY_DIR = /home/andreas/code/vertsys/milestone_2/build
# environment
SNAP_REEXEC = 
# automatic
@F = $(notdir $@)
# environment
VSCODE_VERBOSE_LOGGING = true
# environment
VSCODE_PID = 226271
# environment
XDG_SESSION_TYPE = x11
# automatic
?D = $(patsubst %/,%,$(dir $?))
# makefile (from '/home/andreas/code/vertsys/milestone_2/build/src/Makefile', line 60)
CMAKE_SOURCE_DIR = /home/andreas/code/vertsys/milestone_2
# environment
SESSION_MANAGER = local/elitebook840g3:@/tmp/.ICE-unix/223074,unix/elitebook840g3:/tmp/.ICE-unix/223074
# automatic
*F = $(notdir $*)
# environment
CHROME_DESKTOP = code-url-handler.desktop
# environment
DBUS_SESSION_BUS_ADDRESS = unix:path=/run/user/1000/bus
# automatic
<D = $(patsubst %/,%,$(dir $<))
# environment
VSCODE_NLS_CONFIG = {"locale":"en-us","availableLanguages":{},"_languagePackSupport":true}
# default
MAKE_HOST := x86_64-pc-linux-gnu
# makefile (from '/home/andreas/code/vertsys/milestone_2/build/src/Makefile', line 48)
SHELL = /bin/sh
# default
MAKECMDGOALS := all
# environment
PLATFORMIO_CALLER = vscode
# environment
SHLVL = 4
# environment
PROFILEHOME = 
# environment
MAKELEVEL := 0
# default
MAKE = $(MAKE_COMMAND)
# environment
SNAP_COOKIE = 7Xks3IxyW5anF9x4mJlonyCYyBG10KY3v3xVZvEOvIxu26UbkhvD
# environment
PATH = /usr/local/sbin:/usr/local/bin:/usr/bin:/usr/bin/site_perl:/usr/bin/vendor_perl:/usr/bin/core_perl:/var/lib/snapd/snap/bin
# default
MAKEFILES := 
# environment
LANGUAGE = 
# environment
LC_MONETARY = de_DE.UTF-8
# environment
MOTD_SHOWN = pam
# automatic
^F = $(notdir $^)
# environment
SNAP_USER_COMMON = /home/andreas/snap/code/common
# environment
LC_TIME = de_DE.UTF-8
# environment
SNAP = /snap/code/92
# environment
SNAP_REVISION = 92
# environment
SNAP_REAL_HOME = /home/andreas
# environment
VSCODE_LOG_NATIVE = false
# environment
LC_TELEPHONE = de_DE.UTF-8
# automatic
?F = $(notdir $?)
# environment
KDE_APPLICATIONS_AS_SCOPE = 1
# environment
vim = 
# environment
XDG_SEAT = seat0
# environment
NO_PROXY = 127.0.0.1
# environment
XDG_CURRENT_DESKTOP = KDE
# automatic
+F = $(notdir $+)
# environment
XDG_SEAT_PATH = /org/freedesktop/DisplayManager/Seat0
# environment
DESKTOP_SESSION = plasma
# environment
ORIGINAL_XDG_CURRENT_DESKTOP = KDE
# 'override' directive
GNUMAKEFLAGS := 
# makefile (from '/home/andreas/code/vertsys/milestone_2/build/src/Makefile', line 57)
EQUALS = =
# environment
LOGNAME = andreas
# environment
PLATFORMIO_PATH = /home/andreas/.platformio/python3/bin:/usr/local/sbin:/usr/local/bin:/usr/bin:/usr/bin/site_perl:/usr/bin/vendor_perl:/usr/bin/core_perl:/var/lib/snapd/snap/bin
# environment
SNAP_ARCH = amd64
# environment
XDG_VTNR = 1
# makefile
.DEFAULT_GOAL := default_target
# environment
SYSTEMD_EXEC_PID = 739
# makefile (from '/home/andreas/code/vertsys/milestone_2/build/src/Makefile', line 54)
RM = /usr/bin/cmake -E rm -f
# environment
set = 
# environment
EDITOR = 
# environment
DISPLAY = :0
# environment
GTK_MODULES = canberra-gtk-module
# environment
USER = andreas
# default
MAKE_VERSION := 4.3
# environment
KDE_SESSION_UID = 1000
# environment
DISABLE_WAYLAND = 1
# environment
SNAP_DATA = /var/snap/code/92
# environment
SNAP_CONTEXT = 7Xks3IxyW5anF9x4mJlonyCYyBG10KY3v3xVZvEOvIxu26UbkhvD
# environment
KONSOLE_DBUS_SESSION = /Sessions/1
# environment
LC_MEASUREMENT = de_DE.UTF-8
# environment
STARSHIP_SHELL = fish
# makefile (from '/home/andreas/code/vertsys/milestone_2/build/src/Makefile', line 35)
MAKESILENT = -s
# environment
_ = /usr/bin/make
# environment
LC_PAPER = de_DE.UTF-8
# environment
XDG_RUNTIME_DIR = /run/user/1000
# environment
COLORTERM = truecolor
# environment
GDK_PIXBUF_MODULE_FILE = /home/andreas/snap/code/common/.cache/gdk-pixbuf-loaders.cache
# environment
D_DISABLE_RT_SCREEN_SCALE = 1
# environment
XDG_SESSION_CLASS = user
# environment
VSCODE_AMD_ENTRYPOINT = vs/workbench/api/node/extensionHostProcess
# environment
PLATFORMIO_IDE = 2.4.3
# environment
GTK2_RC_FILES = /etc/gtk-2.0/gtkrc:/home/andreas/.gtkrc-2.0:/home/andreas/.config/gtkrc-2.0
# environment
HOME = /home/andreas
# environment
ELECTRON_RUN_AS_NODE = 1
# environment
VSCODE_IPC_HOOK = /run/user/1000/vscode-c813c3ac-1.66.0-main.sock
# environment
TERM = xterm-256color
# environment
SNAP_NAME = code
# environment
GSETTINGS_SCHEMA_DIR = /snap/code/92/usr/share/glib-2.0/schemas
# environment
XDG_SESSION_ID = 11
# environment
XCURSOR_SIZE = 24
# default
.RECIPEPREFIX := 
# automatic
<F = $(notdir $<)
# environment
SNAP_VERSION = e18005f0
# default
SUFFIXES := 
# environment
QT_AUTO_SCREEN_SCALE_FACTOR = 0
# environment
VSCODE_CLI = 1
# environment
ELECTRON_NO_ATTACH_CONSOLE = 1
# environment
 
SNAP_COMMON = /var/snap/code/common
# environment
SHELL_SESSION_ID = a803cc03bdc34b42b68dcd4a41c45e27
# environment
KDE_SESSION_VERSION = 5
# default
.FEATURES := target-specific order-only second-expansion else-if shortest-stem undefine oneshell nocomment grouped-target extra-prereqs archives jobserver output-sync check-symlink guile load
# environment
KDE_FULL_SESSION = true
# environment
SNAP_USER_DATA = /home/andreas/snap/code/92
# environment
LC_IDENTIFICATION = de_DE.UTF-8
# environment
SNAP_LIBRARY_PATH = /var/lib/snapd/lib/gl:/var/lib/snapd/lib/gl32:/var/lib/snapd/void
# variable set hash-table stats:
# Load=151/1024=15%, Rehash=0, Collisions=11/190=6%

# Pattern-specific Variable Values

# No pattern-specific variable values.

# Directories

# RCS: could not be stat'd.
# SCCS: could not be stat'd.

# No files, no impossibilities in 2 directories.

# Implicit Rules

%: %,v

%: RCS/%

%: RCS/%,v

%: SCCS/s.%

%: s.%

%.hpux_make_needs_suffix_list:

# 6 implicit rules, 0 (0.0%) terminal.
# Files

depend:
#  Phony target (prerequisite of .PHONY).
#  Implicit rule search has not been done.
#  File does not exist.
#  File has not been updated.
#  recipe to execute (from '/home/andreas/code/vertsys/milestone_2/build/src/Makefile', line 116):
	cd /home/andreas/code/vertsys/milestone_2/build && $(CMAKE_COMMAND) -S$(CMAKE_SOURCE_DIR) -B$(CMAKE_BINARY_DIR) --check-build-system CMakeFiles/Makefile.cmake 1

default_target: all
#  Phony target (prerequisite of .PHONY).
#  Implicit rule search has not been done.
#  File does not exist.
#  File has not been updated.

# Not a target:
/home/andreas/code/vertsys/milestone_2/build/src/Makefile:
#  Implicit rule search has been done.
#  Last modified 2022-02-01 19:07:52.736565448
#  File has been updated.
#  Successfully updated.

edit_cache/fast: edit_cache
#  Phony target (prerequisite of .PHONY).
#  Implicit rule search has not been done.
#  File does not exist.
#  File has not been updated.

src/CMakeFiles/main.dir/rule:
#  Phony target (prerequisite of .PHONY).
#  Implicit rule search has not been done.
#  File does not exist.
#  File has not been updated.
#  recipe to execute (from '/home/andreas/code/vertsys/milestone_2/build/src/Makefile', line 121):
	cd /home/andreas/code/vertsys/milestone_2/build && $(MAKE) $(MAKESILENT) -f CMakeFiles/Makefile2 src/CMakeFiles/main.dir/rule

rebuild_cache:
#  Phony target (prerequisite of .PHONY).
#  Implicit rule search has not been done.
#  File does not exist.
#  File has not been updated.
#  recipe to execute (from '/home/andreas/code/vertsys/milestone_2/build/src/Makefile', line 80):
	@$(CMAKE_COMMAND) -E cmake_echo_color --switch=$(COLOR) --cyan "Running CMake to regenerate build system..."
	/usr/bin/cmake --regenerate-during-build -S$(CMAKE_SOURCE_DIR) -B$(CMAKE_BINARY_DIR)

main.c.s:
#  Phony target (prerequisite of .PHONY).
#  Implicit rule search has not been done.
#  File does not exist.
#  File has not been updated.
#  recipe to execute (from '/home/andreas/code/vertsys/milestone_2/build/src/Makefile', line 154):
	cd /home/andreas/code/vertsys/milestone_2/build && $(MAKE) $(MAKESILENT) -f src/CMakeFiles/main.dir/build.make src/CMakeFiles/main.dir/main.c.s

.SILENT:
#  Implicit rule search has not been done.
#  Modification time never checked.
#  File has not been updated.

main.s: main.c.s
#  Phony target (prerequisite of .PHONY).
#  Implicit rule search has not been done.
#  File does not exist.
#  File has not been updated.

clean:
#  Phony target (prerequisite of .PHONY).
#  Implicit rule search has not been done.
#  File does not exist.
#  File has not been updated.
#  recipe to execute (from '/home/andreas/code/vertsys/milestone_2/build/src/Makefile', line 97):
	cd /home/andreas/code/vertsys/milestone_2/build && $(MAKE) $(MAKESILENT) -f CMakeFiles/Makefile2 src/clean

cmake_force:
#  Phony target (prerequisite of .PHONY).
#  Implicit rule search has not been done.
#  File does not exist.
#  File has not been updated.

preinstall/fast:
#  Phony target (prerequisite of .PHONY).
#  Implicit rule search has not been done.
#  File does not exist.
#  File has not been updated.
#  recipe to execute (from '/home/andreas/code/vertsys/milestone_2/build/src/Makefile', line 111):
	cd /home/andreas/code/vertsys/milestone_2/build && $(MAKE) $(MAKESILENT) -f CMakeFiles/Makefile2 src/preinstall

main.c.i:
#  Phony target (prerequisite of .PHONY).
#  Implicit rule search has not been done.
#  File does not exist.
#  File has not been updated.
#  recipe to execute (from '/home/andreas/code/vertsys/milestone_2/build/src/Makefile', line 146):
	cd /home/andreas/code/vertsys/milestone_2/build && $(MAKE) $(MAKESILENT) -f src/CMakeFiles/main.dir/build.make src/CMakeFiles/main.dir/main.c.i

edit_cache:
#  Phony target (prerequisite of .PHONY).
#  Implicit rule search has not been done.
#  File does not exist.
#  File has not been updated.
#  recipe to execute (from '/home/andreas/code/vertsys/milestone_2/build/src/Makefile', line 70):
	@$(CMAKE_COMMAND) -E cmake_echo_color --switch=$(COLOR) --cyan "Running CMake cache editor..."
	/usr/bin/ccmake -S$(CMAKE_SOURCE_DIR) -B$(CMAKE_BINARY_DIR)

main.c.o:
#  Phony target (prerequisite of .PHONY).
#  Implicit rule search has not been done.
#  File does not exist.
#  File has not been updated.
#  recipe to execute (from '/home/andreas/code/vertsys/milestone_2/build/src/Makefile', line 138):
	cd /home/andreas/code/vertsys/milestone_2/build && $(MAKE) $(MAKESILENT) -f src/CMakeFiles/main.dir/build.make src/CMakeFiles/main.dir/main.c.o

rebuild_cache/fast: rebuild_cache
#  Phony target (prerequisite of .PHONY).
#  Implicit rule search has not been done.
#  File does not exist.
#  File has not been updated.

# Not a target:
.hpux_make_needs_suffix_list:
#  Implicit rule search has not been done.
#  Modification time never checked.
#  File has not been updated.

preinstall: all
#  Phony target (prerequisite of .PHONY).
#  Implicit rule search has not been done.
#  File does not exist.
#  File has not been updated.
#  recipe to execute (from '/home/andreas/code/vertsys/milestone_2/build/src/Makefile', line 106):
	cd /home/andreas/code/vertsys/milestone_2/build && $(MAKE) $(MAKESILENT) -f CMakeFiles/Makefile2 src/preinstall

main.i: main.c.i
#  Phony target (prerequisite of .PHONY).
#  Implicit rule search has not been done.
#  File does not exist.
#  File has not been updated.

# Not a target:
.DEFAULT:
#  Implicit rule search has not been done.
#  Modification time never checked.
#  File has not been updated.

all: cmake_check_build_system
#  Phony target (prerequisite of .PHONY).
#  Command line target.
#  Implicit rule search has not been done.
#  File does not exist.
#  File has been updated.
#  Needs to be updated (-q is set).
# variable set hash-table stats:
# Load=0/32=0%, Rehash=0, Collisions=0/6=0%
#  recipe to execute (from '/home/andreas/code/vertsys/milestone_2/build/src/Makefile', line 90):
	cd /home/andreas/code/vertsys/milestone_2/build && $(CMAKE_COMMAND) -E cmake_progress_start /home/andreas/code/vertsys/milestone_2/build/CMakeFiles /home/andreas/code/vertsys/milestone_2/build/src//CMakeFiles/progress.marks
	cd /home/andreas/code/vertsys/milestone_2/build && $(MAKE) $(MAKESILENT) -f CMakeFiles/Makefile2 src/all
	$(CMAKE_COMMAND) -E cmake_progress_start /home/andreas/code/vertsys/milestone_2/build/CMakeFiles 0

help:
#  Phony target (prerequisite of .PHONY).
#  Implicit rule search has not been done.
#  File does not exist.
#  File has not been updated.
#  recipe to execute (from '/home/andreas/code/vertsys/milestone_2/build/src/Makefile', line 159):
	@echo "The following are some of the valid targets for this Makefile:"
	@echo "... all (the default if no target is provided)"
	@echo "... clean"
	@echo "... depend"
	@echo "... edit_cache"
	@echo "... rebuild_cache"
	@echo "... main"
	@echo "... main.o"
	@echo "... main.i"
	@echo "... main.s"

clean/fast: clean
#  Phony target (prerequisite of .PHONY).
#  Implicit rule search has not been done.
#  File does not exist.
#  File has not been updated.

main/fast:
#  Phony target (prerequisite of .PHONY).
#  Implicit rule search has not been done.
#  File does not exist.
#  File has not been updated.
#  recipe to execute (from '/home/andreas/code/vertsys/milestone_2/build/src/Makefile', line 130):
	cd /home/andreas/code/vertsys/milestone_2/build && $(MAKE) $(MAKESILENT) -f src/CMakeFiles/main.dir/build.make src/CMakeFiles/main.dir/build

main: src/CMakeFiles/main.dir/rule
#  Phony target (prerequisite of .PHONY).
#  Implicit rule search has not been done.
#  File does not exist.
#  File has not been updated.

main.o: main.c.o
#  Phony target (prerequisite of .PHONY).
#  Implicit rule search has not been done.
#  File does not exist.
#  File has not been updated.

.NOTPARALLEL:
#  Implicit rule search has not been done.
#  Modification time never checked.
#  File has not been updated.

cmake_check_build_system:
#  Phony target (prerequisite of .PHONY).
#  Implicit rule search has not been done.
#  Implicit/static pattern stem: ''
#  File does not exist.
#  File has been updated.
#  Needs to be updated (-q is set).
# automatic
# @ := cmake_check_build_system
# automatic
# * := 
# automatic
# < := 
# automatic
# + := 
# automatic
# % := 
# automatic
# ^ := 
# automatic
# ? := 
# automatic
# | := 
# variable set hash-table stats:
# Load=8/32=25%, Rehash=0, Collisions=1/14=7%
#  recipe to execute (from '/home/andreas/code/vertsys/milestone_2/build/src/Makefile', line 180):
	cd /home/andreas/code/vertsys/milestone_2/build && $(CMAKE_COMMAND) -S$(CMAKE_SOURCE_DIR) -B$(CMAKE_BINARY_DIR) --check-build-system CMakeFiles/Makefile.cmake 0

.SUFFIXES: .hpux_make_needs_suffix_list
#  Implicit rule search has not been done.
#  Modification time never checked.
#  File has not been updated.

.PHONY: default_target cmake_force edit_cache edit_cache/fast rebuild_cache rebuild_cache/fast all clean clean/fast preinstall preinstall/fast depend src/CMakeFiles/main.dir/rule main main/fast main.o main.c.o main.i main.c.i main.s main.c.s help cmake_check_build_system
#  Implicit rule search has not been done.
#  Modification time never checked.
#  File has not been updated.

# files hash-table stats:
 
# Load=30/1024=3%, Rehash=0, Collisions=0/104=0%
# VPATH Search Paths

# No 'vpath' search paths.

# No general ('VPATH' variable) search path.

# strcache buffers: 1 (0) / strings = 41 / storage = 502 B / avg = 12 B
# current buf: size = 8162 B / used = 502 B / count = 41 / avg = 12 B

# strcache performance: lookups = 157 / hit rate = 73%
# hash-table stats:
# Load=41/8192=1%, Rehash=0, Collisions=0/157=0%
# Finished Make data base on Tue Apr  5 08:09:29 2022

 
